2017-04-04 07:47:34,217 [Worker-0] INFO  c.g.t.t.d.PublishedGradleVersions - Gradle version information cache is up-to-date. Trying to read.
2017-04-04 07:49:20,756 [Worker-15] INFO  o.e.m.c.i.l.LifecycleMappingFactory - Using org.eclipse.m2e.jdt.JarLifecycleMapping lifecycle mapping for MavenProject: ananiev:testLogin:0.0.1-SNAPSHOT @ C:\Users\M_PuH\Dropbox\Automation\MyHomework\testLogin\pom.xml.
2017-04-04 07:49:34,713 [Worker-15] INFO  o.e.m.j.i.AbstractJavaProjectConfigurator - Adding source folder /testLogin/src/main/java
2017-04-04 07:49:34,715 [Worker-15] INFO  o.e.m.j.i.AbstractJavaProjectConfigurator - Adding source folder /testLogin/src/test/java
2017-04-04 07:49:35,043 [Worker-15] INFO  o.e.m.c.i.p.ProjectConfigurationManager - Imported and configured 1 project(s) in 24 sec
2017-04-04 07:49:38,492 [Worker-13] INFO  o.e.m.c.i.embedder.EclipseLogger - Using 'UTF-8' encoding to copy filtered resources.
2017-04-04 07:49:38,493 [Worker-13] INFO  o.e.m.c.i.embedder.EclipseLogger - skip non existing resourceDirectory C:\Users\M_PuH\Dropbox\Automation\MyHomework\testLogin\src\main\resources
2017-04-04 07:49:38,497 [Worker-13] INFO  o.e.m.c.i.embedder.EclipseLogger - Using 'UTF-8' encoding to copy filtered resources.
2017-04-04 07:49:38,498 [Worker-13] INFO  o.e.m.c.i.embedder.EclipseLogger - skip non existing resourceDirectory C:\Users\M_PuH\Dropbox\Automation\MyHomework\testLogin\src\test\resources
2017-04-04 07:53:03,242 [Worker-15] INFO  o.e.m.c.i.p.ProjectConfigurationManager - Update started
2017-04-04 07:53:03,987 [Worker-15] INFO  o.e.m.c.i.l.LifecycleMappingFactory - Using org.eclipse.m2e.jdt.JarLifecycleMapping lifecycle mapping for MavenProject: ananiev:testLogin:0.0.1-SNAPSHOT @ C:\Users\M_PuH\Dropbox\Automation\MyHomework\testLogin\pom.xml.
2017-04-04 07:53:05,089 [Worker-15] INFO  o.e.m.j.i.AbstractJavaProjectConfigurator - Adding source folder /testLogin/src/main/java
2017-04-04 07:53:05,090 [Worker-15] INFO  o.e.m.j.i.AbstractJavaProjectConfigurator - Adding source folder /testLogin/src/test/java
2017-04-04 07:53:05,393 [Worker-15] INFO  o.e.m.c.i.p.ProjectConfigurationManager - Update completed: 2 sec
2017-04-04 07:53:06,299 [Worker-18] INFO  o.e.m.c.i.embedder.EclipseLogger - Using 'UTF-8' encoding to copy filtered resources.
2017-04-04 07:53:06,300 [Worker-18] INFO  o.e.m.c.i.embedder.EclipseLogger - skip non existing resourceDirectory C:\Users\M_PuH\Dropbox\Automation\MyHomework\testLogin\src\main\resources
2017-04-04 07:53:06,313 [Worker-18] INFO  o.e.m.c.i.embedder.EclipseLogger - Using 'UTF-8' encoding to copy filtered resources.
2017-04-04 07:53:06,313 [Worker-18] INFO  o.e.m.c.i.embedder.EclipseLogger - skip non existing resourceDirectory C:\Users\M_PuH\Dropbox\Automation\MyHomework\testLogin\src\test\resources
2017-04-04 07:56:34,475 [Worker-7] INFO  o.e.m.c.i.embedder.EclipseLogger - Using 'UTF-8' encoding to copy filtered resources.
2017-04-04 07:56:34,475 [Worker-7] INFO  o.e.m.c.i.embedder.EclipseLogger - skip non existing resourceDirectory C:\Users\M_PuH\Dropbox\Automation\MyHomework\testLogin\src\main\resources
2017-04-04 07:56:34,486 [Worker-7] INFO  o.e.m.c.i.embedder.EclipseLogger - Using 'UTF-8' encoding to copy filtered resources.
2017-04-04 07:56:34,496 [Worker-7] INFO  o.e.m.c.i.embedder.EclipseLogger - skip non existing resourceDirectory C:\Users\M_PuH\Dropbox\Automation\MyHomework\testLogin\src\test\resources
2017-04-04 08:12:13,762 [Worker-9] INFO  o.e.m.c.i.embedder.EclipseLogger - Using 'UTF-8' encoding to copy filtered resources.
2017-04-04 08:12:13,763 [Worker-9] INFO  o.e.m.c.i.embedder.EclipseLogger - skip non existing resourceDirectory C:\Users\M_PuH\Dropbox\Automation\MyHomework\testLogin\src\main\resources
2017-04-04 08:12:13,776 [Worker-9] INFO  o.e.m.c.i.embedder.EclipseLogger - Using 'UTF-8' encoding to copy filtered resources.
2017-04-04 08:12:13,784 [Worker-9] INFO  o.e.m.c.i.embedder.EclipseLogger - skip non existing resourceDirectory C:\Users\M_PuH\Dropbox\Automation\MyHomework\testLogin\src\test\resources
2017-04-04 08:12:57,813 [Start Help Server] INFO  org.eclipse.jetty.util.log - Logging initialized @1547469ms
2017-04-04 08:12:58,691 [Start Help Server] INFO  org.eclipse.jetty.server.Server - jetty-9.3.9.v20160517
2017-04-04 08:12:58,823 [Start Help Server] INFO  o.e.j.server.handler.ContextHandler - Started o.e.j.s.ServletContextHandler@5dad2cc2{/help,null,AVAILABLE}
2017-04-04 08:12:58,889 [Start Help Server] INFO  o.e.jetty.server.AbstractConnector - Started ServerConnector@68124784{HTTP/1.1,[http/1.1]}{127.0.0.1:63104}
2017-04-04 08:12:58,898 [Start Help Server] INFO  org.eclipse.jetty.server.Server - Started @1548554ms
2017-04-04 08:38:23,311 [Worker-37] INFO  o.e.m.c.i.p.ProjectConfigurationManager - Update started
2017-04-04 08:38:26,472 [Worker-37] INFO  o.e.m.c.i.l.LifecycleMappingFactory - Using org.eclipse.m2e.jdt.JarLifecycleMapping lifecycle mapping for MavenProject: ananiev:testLogin:0.0.1-SNAPSHOT @ C:\Users\M_PuH\Dropbox\Automation\MyHomework\testLogin\pom.xml.
2017-04-04 08:38:30,739 [Worker-37] INFO  o.e.m.j.i.AbstractJavaProjectConfigurator - Adding source folder /testLogin/src/main/java
2017-04-04 08:38:30,740 [Worker-37] INFO  o.e.m.j.i.AbstractJavaProjectConfigurator - Adding source folder /testLogin/src/test/java
2017-04-04 08:38:31,151 [Worker-37] INFO  o.e.m.c.i.p.ProjectConfigurationManager - Update completed: 7 sec
2017-04-04 08:38:31,896 [Worker-36] INFO  o.e.m.c.i.embedder.EclipseLogger - Using 'UTF-8' encoding to copy filtered resources.
2017-04-04 08:38:31,897 [Worker-36] INFO  o.e.m.c.i.embedder.EclipseLogger - skip non existing resourceDirectory C:\Users\M_PuH\Dropbox\Automation\MyHomework\testLogin\src\main\resources
2017-04-04 08:38:31,909 [Worker-36] INFO  o.e.m.c.i.embedder.EclipseLogger - Using 'UTF-8' encoding to copy filtered resources.
2017-04-04 08:38:31,910 [Worker-36] INFO  o.e.m.c.i.embedder.EclipseLogger - skip non existing resourceDirectory C:\Users\M_PuH\Dropbox\Automation\MyHomework\testLogin\src\test\resources
2017-04-04 08:40:44,772 [Worker-39] INFO  o.e.m.c.i.embedder.EclipseLogger - Using 'UTF-8' encoding to copy filtered resources.
2017-04-04 08:40:44,772 [Worker-39] INFO  o.e.m.c.i.embedder.EclipseLogger - skip non existing resourceDirectory C:\Users\M_PuH\Dropbox\Automation\MyHomework\testLogin\src\main\resources
2017-04-04 08:40:44,775 [Worker-39] INFO  o.e.m.c.i.embedder.EclipseLogger - Using 'UTF-8' encoding to copy filtered resources.
2017-04-04 08:40:44,775 [Worker-39] INFO  o.e.m.c.i.embedder.EclipseLogger - skip non existing resourceDirectory C:\Users\M_PuH\Dropbox\Automation\MyHomework\testLogin\src\test\resources
2017-04-04 08:40:46,112 [Stop Help Server] INFO  o.e.jetty.server.AbstractConnector - Stopped ServerConnector@68124784{HTTP/1.1,[http/1.1]}{127.0.0.1:0}
2017-04-04 08:40:46,163 [Stop Help Server] INFO  o.e.j.server.handler.ContextHandler - Stopped o.e.j.s.ServletContextHandler@5dad2cc2{/help,null,UNAVAILABLE}
2017-04-05 07:29:52,678 [Worker-2] INFO  c.g.t.t.d.PublishedGradleVersions - Gradle version information cache is out-of-date. Trying to update.
